<?xml version="1.0" encoding="UTF-8"?>
<!-- Generated by org.testng.reporters.JUnitXMLReporter -->
<testsuite ignored="0" hostname="DESKTOP-6KD3MF7" failures="0" tests="12" name="Default test" time="9.498" errors="0" timestamp="27 May 2023 20:20:31 GMT">
  <testcase classname="com.Internet.Testcases.ChallengingDomPageTest" name="validateTitleTest" time="0.098"/>
  <testcase classname="com.Internet.Testcases.ChallengingDomPageTest" name="validateHeaderTest" time="0.075"/>
  <testcase classname="com.Internet.Testcases.ChallengingDomPageTest" name="validateBlueButtonTest" time="0.915"/>
  <testcase classname="com.Internet.Testcases.ChallengingDomPageTest" name="validateRedButtonTest" time="0.891"/>
  <testcase classname="com.Internet.Testcases.ChallengingDomPageTest" name="validateGreenButtonTest" time="1.704"/>
  <testcase classname="com.Internet.Testcases.ChallengingDomPageTest" name="validateTableHeadersTest" time="0.337"/>
  <testcase classname="com.Internet.Testcases.ChallengingDomPageTest" name="validateTableColumn" time="0.417"/>
  <testcase classname="com.Internet.Testcases.ChallengingDomPageTest" name="validateTableRow" time="0.267"/>
  <testcase classname="com.Internet.Testcases.ChallengingDomPageTest" name="validateEditTest" time="0.159"/>
  <testcase classname="com.Internet.Testcases.ChallengingDomPageTest" name="validateDeleteTest" time="0.139"/>
  <testcase classname="com.Internet.Testcases.ChallengingDomPageTest" name="validateCanvasTest1" time="0.336"/>
  <testcase classname="com.Internet.Testcases.ChallengingDomPageTest" name="validateCanvasTest2" time="0.457"/>
</testsuite> <!-- Default test -->
