<?xml version="1.0" encoding="UTF-8"?>
<testng-results ignored="0" total="12" passed="12" failed="0" skipped="0">
  <reporter-output>
  </reporter-output>
  <suite started-at="2023-05-27T20:20:21Z" name="Default suite" finished-at="2023-05-27T20:20:31Z" duration-ms="9498">
    <groups>
    </groups>
    <test started-at="2023-05-27T20:20:21Z" name="Default test" finished-at="2023-05-27T20:20:31Z" duration-ms="9498">
      <class name="com.Internet.Testcases.ChallengingDomPageTest">
        <test-method is-config="true" signature="setup()[pri:0, instance:com.Internet.Testcases.ChallengingDomPageTest@2034b64c]" started-at="2023-05-27T20:20:21Z" name="setup" finished-at="2023-05-27T20:20:25Z" duration-ms="3605" status="PASS">
          <reporter-output>
          </reporter-output>
        </test-method> <!-- setup -->
        <test-method signature="validateTitleTest()[pri:1, instance:com.Internet.Testcases.ChallengingDomPageTest@2034b64c]" started-at="2023-05-27T20:20:25Z" name="validateTitleTest" finished-at="2023-05-27T20:20:25Z" duration-ms="98" status="PASS">
          <reporter-output>
          </reporter-output>
        </test-method> <!-- validateTitleTest -->
        <test-method signature="validateHeaderTest()[pri:2, instance:com.Internet.Testcases.ChallengingDomPageTest@2034b64c]" started-at="2023-05-27T20:20:25Z" name="validateHeaderTest" finished-at="2023-05-27T20:20:25Z" duration-ms="75" status="PASS">
          <reporter-output>
          </reporter-output>
        </test-method> <!-- validateHeaderTest -->
        <test-method signature="validateBlueButtonTest()[pri:3, instance:com.Internet.Testcases.ChallengingDomPageTest@2034b64c]" started-at="2023-05-27T20:20:25Z" name="validateBlueButtonTest" finished-at="2023-05-27T20:20:26Z" duration-ms="915" status="PASS">
          <reporter-output>
          </reporter-output>
        </test-method> <!-- validateBlueButtonTest -->
        <test-method signature="validateRedButtonTest()[pri:4, instance:com.Internet.Testcases.ChallengingDomPageTest@2034b64c]" started-at="2023-05-27T20:20:26Z" name="validateRedButtonTest" finished-at="2023-05-27T20:20:27Z" duration-ms="891" status="PASS">
          <reporter-output>
          </reporter-output>
        </test-method> <!-- validateRedButtonTest -->
        <test-method signature="validateGreenButtonTest()[pri:5, instance:com.Internet.Testcases.ChallengingDomPageTest@2034b64c]" started-at="2023-05-27T20:20:27Z" name="validateGreenButtonTest" finished-at="2023-05-27T20:20:28Z" duration-ms="1704" status="PASS">
          <reporter-output>
          </reporter-output>
        </test-method> <!-- validateGreenButtonTest -->
        <test-method signature="validateTableHeadersTest()[pri:6, instance:com.Internet.Testcases.ChallengingDomPageTest@2034b64c]" started-at="2023-05-27T20:20:28Z" name="validateTableHeadersTest" finished-at="2023-05-27T20:20:29Z" duration-ms="337" status="PASS">
          <reporter-output>
          </reporter-output>
        </test-method> <!-- validateTableHeadersTest -->
        <test-method signature="validateTableColumn()[pri:7, instance:com.Internet.Testcases.ChallengingDomPageTest@2034b64c]" started-at="2023-05-27T20:20:29Z" name="validateTableColumn" finished-at="2023-05-27T20:20:29Z" duration-ms="417" status="PASS">
          <reporter-output>
          </reporter-output>
        </test-method> <!-- validateTableColumn -->
        <test-method signature="validateTableRow()[pri:8, instance:com.Internet.Testcases.ChallengingDomPageTest@2034b64c]" started-at="2023-05-27T20:20:29Z" name="validateTableRow" finished-at="2023-05-27T20:20:29Z" duration-ms="267" status="PASS">
          <reporter-output>
          </reporter-output>
        </test-method> <!-- validateTableRow -->
        <test-method signature="validateEditTest()[pri:9, instance:com.Internet.Testcases.ChallengingDomPageTest@2034b64c]" started-at="2023-05-27T20:20:29Z" name="validateEditTest" finished-at="2023-05-27T20:20:30Z" duration-ms="159" status="PASS">
          <reporter-output>
          </reporter-output>
        </test-method> <!-- validateEditTest -->
        <test-method signature="validateDeleteTest()[pri:10, instance:com.Internet.Testcases.ChallengingDomPageTest@2034b64c]" started-at="2023-05-27T20:20:30Z" name="validateDeleteTest" finished-at="2023-05-27T20:20:30Z" duration-ms="139" status="PASS">
          <reporter-output>
          </reporter-output>
        </test-method> <!-- validateDeleteTest -->
        <test-method signature="validateCanvasTest1()[pri:11, instance:com.Internet.Testcases.ChallengingDomPageTest@2034b64c]" started-at="2023-05-27T20:20:30Z" name="validateCanvasTest1" finished-at="2023-05-27T20:20:30Z" duration-ms="336" status="PASS">
          <reporter-output>
          </reporter-output>
        </test-method> <!-- validateCanvasTest1 -->
        <test-method signature="validateCanvasTest2()[pri:12, instance:com.Internet.Testcases.ChallengingDomPageTest@2034b64c]" started-at="2023-05-27T20:20:30Z" name="validateCanvasTest2" finished-at="2023-05-27T20:20:31Z" duration-ms="457" status="PASS">
          <reporter-output>
          </reporter-output>
        </test-method> <!-- validateCanvasTest2 -->
        <test-method is-config="true" signature="tearDown()[pri:0, instance:com.Internet.Testcases.ChallengingDomPageTest@2034b64c]" started-at="2023-05-27T20:20:31Z" name="tearDown" finished-at="2023-05-27T20:20:31Z" duration-ms="50" status="PASS">
          <reporter-output>
          </reporter-output>
        </test-method> <!-- tearDown -->
      </class> <!-- com.Internet.Testcases.ChallengingDomPageTest -->
    </test> <!-- Default test -->
  </suite> <!-- Default suite -->
</testng-results>
