<?xml version="1.0" encoding="UTF-8"?>
<!-- Generated by org.testng.reporters.JUnitXMLReporter -->
<testsuite hostname="LAPTOP-8IUM7N1I" name="SmokeTest" tests="15" failures="0" timestamp="14 Oct 2021 12:36:33 GMT" time="78.433" errors="0">
  <testcase name="validateTitleTest" time="0.097" classname="com.Internet.Testcases.ChallengingDomPageTest"/>
  <testcase name="validateHeaderTest" time="0.103" classname="com.Internet.Testcases.ChallengingDomPageTest"/>
  <testcase name="validateBlueButtonTextTest" time="0.764" classname="com.Internet.Testcases.ChallengingDomPageTest"/>
  <testcase name="validateBlueButtonIdTest" time="0.865" classname="com.Internet.Testcases.ChallengingDomPageTest"/>
  <testcase name="validateRedButtonTextTest" time="0.763" classname="com.Internet.Testcases.ChallengingDomPageTest"/>
  <testcase name="validateRedButtonIdTest" time="0.824" classname="com.Internet.Testcases.ChallengingDomPageTest"/>
  <testcase name="validateGreenButtonTextTest" time="0.749" classname="com.Internet.Testcases.ChallengingDomPageTest"/>
  <testcase name="validateGreenButtonIdTest" time="0.72" classname="com.Internet.Testcases.ChallengingDomPageTest"/>
  <testcase name="validateTableHeadersTest" time="0.15" classname="com.Internet.Testcases.ChallengingDomPageTest"/>
  <testcase name="validateTableColumn" time="0.21" classname="com.Internet.Testcases.ChallengingDomPageTest"/>
  <testcase name="validateTableRow" time="0.138" classname="com.Internet.Testcases.ChallengingDomPageTest"/>
  <testcase name="validateEditTest" time="0.146" classname="com.Internet.Testcases.ChallengingDomPageTest"/>
  <testcase name="validateDeleteTest" time="0.136" classname="com.Internet.Testcases.ChallengingDomPageTest"/>
  <testcase name="validateCanvasTest1" time="0.403" classname="com.Internet.Testcases.ChallengingDomPageTest"/>
  <testcase name="validateCanvasTest2" time="0.518" classname="com.Internet.Testcases.ChallengingDomPageTest"/>
</testsuite> <!-- SmokeTest -->
